<?xml version="1.0" encoding="UTF-8"?>
<!-- Generated by org.testng.reporters.JUnitReportReporter -->
<testsuite hostname="ROHITHA" failures="0" tests="1" name="com.banking1.testcases.TC_login_001" time="2.894" errors="0" timestamp="2022-03-31T15:45:45 IST" skipped="0">
  <testcase classname="com.banking1.testcases.TC_login_001" name="logintest" time="2.894"/>
  <system-out/>
</testsuite> <!-- com.banking1.testcases.TC_login_001 -->
